<?xml version="1.0" encoding="UTF-8"?>
<!-- Generated by org.testng.reporters.JUnitReportReporter -->
<testsuite hostname="Sivam" failures="0" tests="3" name="execuationPack.BrowserTest" time="8.801" errors="0" timestamp="2024-06-07T09:56:11 IST" skipped="0">
  <testcase classname="execuationPack.BrowserTest" name="flipkart" time="3.140"/>
  <testcase classname="execuationPack.BrowserTest" name="amzone" time="2.060"/>
  <testcase classname="execuationPack.BrowserTest" name="snapDeal" time="3.601"/>
</testsuite> <!-- execuationPack.BrowserTest -->
