<?xml version="1.0" encoding="UTF-8"?>
<!-- Generated by org.testng.reporters.JUnitReportReporter -->
<testsuite hostname="Sivam" failures="0" tests="3" name="execuationPack.TestNGPriority" time="0.003" errors="0" timestamp="2024-06-07T10:06:27 IST" skipped="1">
  <testcase classname="execuationPack.TestNGPriority" name="moto" time="0.001"/>
  <testcase classname="execuationPack.TestNGPriority" name="apple" time="0.002"/>
  <testcase classname="execuationPack.TestNGPriority" name="music">
    <skipped/>
  </testcase> <!-- music -->
</testsuite> <!-- execuationPack.TestNGPriority -->
