<?xml version="1.0" encoding="UTF-8"?>
<!-- Generated by org.testng.reporters.JUnitReportReporter -->
<testsuite hostname="Sivam" failures="0" tests="4" name="execuationPack.GroupingExample" time="0.014" errors="0" timestamp="2024-06-07T10:06:27 IST" skipped="0">
  <testcase classname="execuationPack.GroupingExample" name="moto" time="0.002"/>
  <testcase classname="execuationPack.GroupingExample" name="moto2" time="0.001"/>
  <testcase classname="execuationPack.GroupingExample" name="apple" time="0.010"/>
  <testcase classname="execuationPack.GroupingExample" name="apple2" time="0.001"/>
</testsuite> <!-- execuationPack.GroupingExample -->
