<?xml version="1.0" encoding="UTF-8"?>
<!-- Generated by org.testng.reporters.JUnitReportReporter -->
<testsuite hostname="Sivam" failures="0" tests="1" name="execuationPack.ParallelExample" time="8.958" errors="0" timestamp="2024-06-07T10:56:07 IST" skipped="0">
  <testcase classname="execuationPack.ParallelExample" name="amzone" time="8.958"/>
</testsuite> <!-- execuationPack.ParallelExample -->
