<?xml version="1.0" encoding="UTF-8"?>
<!-- Generated by org.testng.reporters.JUnitReportReporter -->
<testsuite hostname="Sivam" failures="0" tests="1" name="execuationPack.ParameterizationExample" time="0.010" errors="0" timestamp="2024-06-07T10:18:30 IST" skipped="0">
  <testcase classname="execuationPack.ParameterizationExample" name="browser" time="0.010"/>
</testsuite> <!-- execuationPack.ParameterizationExample -->
