<?xml version="1.0" encoding="UTF-8"?>
<!-- Generated by org.testng.reporters.JUnitReportReporter -->
<testsuite hostname="Sivam" failures="0" tests="3" name="execuationPack.DependeciesManagment" time="0.028" errors="0" timestamp="2024-06-07T09:56:11 IST" skipped="0">
  <testcase classname="execuationPack.DependeciesManagment" name="higherSecondarySchool" time="0.004"/>
  <testcase classname="execuationPack.DependeciesManagment" name="highSchool" time="0.007"/>
  <testcase classname="execuationPack.DependeciesManagment" name="enginnering" time="0.017"/>
</testsuite> <!-- execuationPack.DependeciesManagment -->
