<?xml version="1.0" encoding="UTF-8"?>
<!-- Generated by org.testng.reporters.JUnitReportReporter -->
<testsuite hostname="Sivam" failures="0" tests="100" name="execuationPack.FailedTestCaseRetry" time="0.094" errors="0" timestamp="2024-06-07T12:16:46 IST" skipped="0">
  <testcase classname="execuationPack.FailedTestCaseRetry" name="testTwo" time="0.001"/>
  <testcase classname="execuationPack.FailedTestCaseRetry" name="testTwo" time="0.001"/>
  <testcase classname="execuationPack.FailedTestCaseRetry" name="testTwo" time="0.000"/>
  <testcase classname="execuationPack.FailedTestCaseRetry" name="testTwo" time="0.000"/>
  <testcase classname="execuationPack.FailedTestCaseRetry" name="testTwo" time="0.001"/>
  <testcase classname="execuationPack.FailedTestCaseRetry" name="testTwo" time="0.001"/>
  <testcase classname="execuationPack.FailedTestCaseRetry" name="testTwo" time="0.000"/>
  <testcase classname="execuationPack.FailedTestCaseRetry" name="testTwo" time="0.000"/>
  <testcase classname="execuationPack.FailedTestCaseRetry" name="testTwo" time="0.004"/>
  <testcase classname="execuationPack.FailedTestCaseRetry" name="testTwo" time="0.001"/>
  <testcase classname="execuationPack.FailedTestCaseRetry" name="testTwo" time="0.001"/>
  <testcase classname="execuationPack.FailedTestCaseRetry" name="testTwo" time="0.001"/>
  <testcase classname="execuationPack.FailedTestCaseRetry" name="testTwo" time="0.001"/>
  <testcase classname="execuationPack.FailedTestCaseRetry" name="testTwo" time="0.001"/>
  <testcase classname="execuationPack.FailedTestCaseRetry" name="testTwo" time="0.001"/>
  <testcase classname="execuationPack.FailedTestCaseRetry" name="testTwo" time="0.001"/>
  <testcase classname="execuationPack.FailedTestCaseRetry" name="testTwo" time="0.001"/>
  <testcase classname="execuationPack.FailedTestCaseRetry" name="testTwo" time="0.001"/>
  <testcase classname="execuationPack.FailedTestCaseRetry" name="testTwo" time="0.002"/>
  <testcase classname="execuationPack.FailedTestCaseRetry" name="testTwo" time="0.002"/>
  <testcase classname="execuationPack.FailedTestCaseRetry" name="testTwo" time="0.001"/>
  <testcase classname="execuationPack.FailedTestCaseRetry" name="testTwo" time="0.000"/>
  <testcase classname="execuationPack.FailedTestCaseRetry" name="testTwo" time="0.000"/>
  <testcase classname="execuationPack.FailedTestCaseRetry" name="testTwo" time="0.001"/>
  <testcase classname="execuationPack.FailedTestCaseRetry" name="testTwo" time="0.001"/>
  <testcase classname="execuationPack.FailedTestCaseRetry" name="testTwo" time="0.002"/>
  <testcase classname="execuationPack.FailedTestCaseRetry" name="testTwo" time="0.001"/>
  <testcase classname="execuationPack.FailedTestCaseRetry" name="testTwo" time="0.001"/>
  <testcase classname="execuationPack.FailedTestCaseRetry" name="testTwo" time="0.001"/>
  <testcase classname="execuationPack.FailedTestCaseRetry" name="testTwo" time="0.001"/>
  <testcase classname="execuationPack.FailedTestCaseRetry" name="testTwo" time="0.001"/>
  <testcase classname="execuationPack.FailedTestCaseRetry" name="testTwo" time="0.001"/>
  <testcase classname="execuationPack.FailedTestCaseRetry" name="testTwo" time="0.001"/>
  <testcase classname="execuationPack.FailedTestCaseRetry" name="testTwo" time="0.001"/>
  <testcase classname="execuationPack.FailedTestCaseRetry" name="testTwo" time="0.001"/>
  <testcase classname="execuationPack.FailedTestCaseRetry" name="testTwo" time="0.001"/>
  <testcase classname="execuationPack.FailedTestCaseRetry" name="testTwo" time="0.000"/>
  <testcase classname="execuationPack.FailedTestCaseRetry" name="testTwo" time="0.001"/>
  <testcase classname="execuationPack.FailedTestCaseRetry" name="testTwo" time="0.001"/>
  <testcase classname="execuationPack.FailedTestCaseRetry" name="testTwo" time="0.000"/>
  <testcase classname="execuationPack.FailedTestCaseRetry" name="testTwo" time="0.001"/>
  <testcase classname="execuationPack.FailedTestCaseRetry" name="testTwo" time="0.001"/>
  <testcase classname="execuationPack.FailedTestCaseRetry" name="testTwo" time="0.001"/>
  <testcase classname="execuationPack.FailedTestCaseRetry" name="testTwo" time="0.001"/>
  <testcase classname="execuationPack.FailedTestCaseRetry" name="testTwo" time="0.001"/>
  <testcase classname="execuationPack.FailedTestCaseRetry" name="testTwo" time="0.000"/>
  <testcase classname="execuationPack.FailedTestCaseRetry" name="testTwo" time="0.001"/>
  <testcase classname="execuationPack.FailedTestCaseRetry" name="testTwo" time="0.000"/>
  <testcase classname="execuationPack.FailedTestCaseRetry" name="testTwo" time="0.001"/>
  <testcase classname="execuationPack.FailedTestCaseRetry" name="testTwo" time="0.001"/>
  <testcase classname="execuationPack.FailedTestCaseRetry" name="testTwo" time="0.000"/>
  <testcase classname="execuationPack.FailedTestCaseRetry" name="testTwo" time="0.001"/>
  <testcase classname="execuationPack.FailedTestCaseRetry" name="testTwo" time="0.000"/>
  <testcase classname="execuationPack.FailedTestCaseRetry" name="testTwo" time="0.001"/>
  <testcase classname="execuationPack.FailedTestCaseRetry" name="testTwo" time="0.000"/>
  <testcase classname="execuationPack.FailedTestCaseRetry" name="testTwo" time="0.000"/>
  <testcase classname="execuationPack.FailedTestCaseRetry" name="testTwo" time="0.001"/>
  <testcase classname="execuationPack.FailedTestCaseRetry" name="testTwo" time="0.002"/>
  <testcase classname="execuationPack.FailedTestCaseRetry" name="testTwo" time="0.002"/>
  <testcase classname="execuationPack.FailedTestCaseRetry" name="testTwo" time="0.001"/>
  <testcase classname="execuationPack.FailedTestCaseRetry" name="testTwo" time="0.012"/>
  <testcase classname="execuationPack.FailedTestCaseRetry" name="testTwo" time="0.001"/>
  <testcase classname="execuationPack.FailedTestCaseRetry" name="testTwo" time="0.005"/>
  <testcase classname="execuationPack.FailedTestCaseRetry" name="testTwo" time="0.000"/>
  <testcase classname="execuationPack.FailedTestCaseRetry" name="testTwo" time="0.000"/>
  <testcase classname="execuationPack.FailedTestCaseRetry" name="testTwo" time="0.001"/>
  <testcase classname="execuationPack.FailedTestCaseRetry" name="testTwo" time="0.001"/>
  <testcase classname="execuationPack.FailedTestCaseRetry" name="testTwo" time="0.000"/>
  <testcase classname="execuationPack.FailedTestCaseRetry" name="testTwo" time="0.001"/>
  <testcase classname="execuationPack.FailedTestCaseRetry" name="testTwo" time="0.000"/>
  <testcase classname="execuationPack.FailedTestCaseRetry" name="testTwo" time="0.001"/>
  <testcase classname="execuationPack.FailedTestCaseRetry" name="testTwo" time="0.001"/>
  <testcase classname="execuationPack.FailedTestCaseRetry" name="testTwo" time="0.000"/>
  <testcase classname="execuationPack.FailedTestCaseRetry" name="testTwo" time="0.001"/>
  <testcase classname="execuationPack.FailedTestCaseRetry" name="testTwo" time="0.000"/>
  <testcase classname="execuationPack.FailedTestCaseRetry" name="testTwo" time="0.000"/>
  <testcase classname="execuationPack.FailedTestCaseRetry" name="testTwo" time="0.000"/>
  <testcase classname="execuationPack.FailedTestCaseRetry" name="testTwo" time="0.000"/>
  <testcase classname="execuationPack.FailedTestCaseRetry" name="testTwo" time="0.001"/>
  <testcase classname="execuationPack.FailedTestCaseRetry" name="testTwo" time="0.000"/>
  <testcase classname="execuationPack.FailedTestCaseRetry" name="testTwo" time="0.001"/>
  <testcase classname="execuationPack.FailedTestCaseRetry" name="testTwo" time="0.000"/>
  <testcase classname="execuationPack.FailedTestCaseRetry" name="testTwo" time="0.001"/>
  <testcase classname="execuationPack.FailedTestCaseRetry" name="testTwo" time="0.001"/>
  <testcase classname="execuationPack.FailedTestCaseRetry" name="testTwo" time="0.001"/>
  <testcase classname="execuationPack.FailedTestCaseRetry" name="testTwo" time="0.000"/>
  <testcase classname="execuationPack.FailedTestCaseRetry" name="testTwo" time="0.001"/>
  <testcase classname="execuationPack.FailedTestCaseRetry" name="testTwo" time="0.000"/>
  <testcase classname="execuationPack.FailedTestCaseRetry" name="testTwo" time="0.001"/>
  <testcase classname="execuationPack.FailedTestCaseRetry" name="testTwo" time="0.000"/>
  <testcase classname="execuationPack.FailedTestCaseRetry" name="testTwo" time="0.001"/>
  <testcase classname="execuationPack.FailedTestCaseRetry" name="testTwo" time="0.002"/>
  <testcase classname="execuationPack.FailedTestCaseRetry" name="testTwo" time="0.000"/>
  <testcase classname="execuationPack.FailedTestCaseRetry" name="testTwo" time="0.001"/>
  <testcase classname="execuationPack.FailedTestCaseRetry" name="testTwo" time="0.001"/>
  <testcase classname="execuationPack.FailedTestCaseRetry" name="testTwo" time="0.001"/>
  <testcase classname="execuationPack.FailedTestCaseRetry" name="testTwo" time="0.000"/>
  <testcase classname="execuationPack.FailedTestCaseRetry" name="testTwo" time="0.000"/>
  <testcase classname="execuationPack.FailedTestCaseRetry" name="testTwo" time="0.001"/>
  <testcase classname="execuationPack.FailedTestCaseRetry" name="testTwo" time="0.002"/>
</testsuite> <!-- execuationPack.FailedTestCaseRetry -->
