<?xml version="1.0" encoding="UTF-8"?>
<!-- Generated by org.testng.reporters.JUnitReportReporter -->
<testsuite hostname="Sivam" failures="0" tests="2" name="execuationPack.OrderOFAnnotations" time="0.011" errors="0" timestamp="2024-06-07T10:33:28 IST" skipped="0">
  <testcase classname="execuationPack.OrderOFAnnotations" name="f2" time="0.002"/>
  <testcase classname="execuationPack.OrderOFAnnotations" name="f" time="0.009"/>
</testsuite> <!-- execuationPack.OrderOFAnnotations -->
