<?xml version="1.0" encoding="UTF-8"?>
<!-- Generated by org.testng.reporters.JUnitReportReporter -->
<testsuite hostname="Sivam" failures="0" tests="5" name="execuationPack.DataProviderExample" time="22.934" errors="0" timestamp="2024-06-07T12:15:13 IST" skipped="0">
  <testcase classname="execuationPack.DataProviderExample" name="orngHRM" time="1.367"/>
  <testcase classname="execuationPack.DataProviderExample" name="orngHRM" time="2.642"/>
  <testcase classname="execuationPack.DataProviderExample" name="orngHRM" time="10.687"/>
  <testcase classname="execuationPack.DataProviderExample" name="orngHRM" time="5.654"/>
  <testcase classname="execuationPack.DataProviderExample" name="orngHRM" time="2.584"/>
</testsuite> <!-- execuationPack.DataProviderExample -->
